Copyright 1986-2015 Xilinx, Inc. All Rights Reserved.
---------------------------------------------------------------------------------------------
| Tool Version      : Vivado v.2015.2.1 (win64) Build 1302555 Wed Aug  5 13:06:02 MDT 2015
| Date              : Tue Nov 24 21:56:56 2015
| Host              : PolarMarquis-PC running 64-bit Service Pack 1  (build 7601)
| Command           : report_clock_utilization -file heartaware_clock_utilization_routed.rpt
| Design            : heartaware
| Device            : 7a100t-csg324
| Speed File        : -1  PRODUCTION 1.14 2014-09-11
| Temperature Grade : C
---------------------------------------------------------------------------------------------

Clock Utilization Report

Table of Contents
-----------------
1. Clock Primitive Utilization
2. Details of Global Clocks
3. Details of Regional Clocks
4. Details of Multi-Regional Clocks
5. Details of I/O Clocks
6. Details of Local Clocks
7. Clock Regions : Key Resource Utilization
8. Net wise resources used in clock region X0Y1
9. Net wise resources used in clock region X0Y2

1. Clock Primitive Utilization
------------------------------

+-------+------+-----------+-----------+
| Type  | Used | Available | Num Fixed |
+-------+------+-----------+-----------+
| BUFG  |    2 |        32 |         0 |
| BUFH  |    0 |        96 |         0 |
| BUFIO |    0 |        24 |         0 |
| MMCM  |    0 |         6 |         0 |
| PLL   |    0 |         6 |         0 |
| BUFR  |    0 |        24 |         0 |
| BUFMR |    0 |        12 |         0 |
+-------+------+-----------+-----------+


2. Details of Global Clocks
---------------------------

+-------+---------------------+----------------+--------------+-------+
|       |                     |                |   Num Loads  |       |
+-------+---------------------+----------------+------+-------+-------+
| Index | BUFG Cell           | Net Name       | BELs | Sites | Fixed |
+-------+---------------------+----------------+------+-------+-------+
|     1 | clk_BUFG_inst       | clk_BUFG       |   42 |    12 |    no |
|     2 | CLK100MHZ_BUFG_inst | CLK100MHZ_BUFG |  677 |   194 |    no |
+-------+---------------------+----------------+------+-------+-------+


3. Details of Regional Clocks
-----------------------------

4. Details of Multi-Regional Clocks
-----------------------------------

5. Details of I/O Clocks
------------------------

6. Details of Local Clocks
--------------------------

+-------+---------------------------+-------------------+--------------+-------+
|       |                           |                   |   Num Loads  |       |
+-------+---------------------------+-------------------+------+-------+-------+
| Index | Local Clk Src             | Net Name          | BELs | Sites | Fixed |
+-------+---------------------------+-------------------+------+-------+-------+
|     1 | clk_tone_inst/clk_out_reg | clk_tone_inst/CLK |    9 |     3 |    no |
+-------+---------------------------+-------------------+------+-------+-------+


7. Clock Regions : Key Resource Utilization
-------------------------------------------

+-------------------+--------------+--------------+--------------+--------------+--------------+--------------+--------------+--------------+--------------+--------------+--------------+--------------+--------------+--------------+--------------+
|                   | Global Clock |     BUFRs    |    BUFMRs    |    BUFIOs    |     MMCM     |      PLL     |      GT      |      PCI     |    ILOGIC    |    OLOGIC    |      FF      |     LUTM     |    RAMB18    |    RAMB36    |    DSP48E1   |
+-------------------+------+-------+------+-------+------+-------+------+-------+------+-------+------+-------+------+-------+------+-------+------+-------+------+-------+------+-------+------+-------+------+-------+------+-------+------+-------+
| Clock Region Name | Used | Avail | Used | Avail | Used | Avail | Used | Avail | Used | Avail | Used | Avail | Used | Avail | Used | Avail | Used | Avail | Used | Avail | Used | Avail | Used | Avail | Used | Avail | Used | Avail | Used | Avail |
+-------------------+------+-------+------+-------+------+-------+------+-------+------+-------+------+-------+------+-------+------+-------+------+-------+------+-------+------+-------+------+-------+------+-------+------+-------+------+-------+
| X0Y0              |    0 |    12 |    0 |     4 |    0 |     2 |    0 |     4 |    0 |     1 |    0 |     1 |    0 |     0 |    0 |     0 |    0 |    50 |    0 |    50 |    0 | 20800 |    0 |  2400 |    0 |    20 |    0 |    10 |    0 |    20 |
| X1Y0              |    0 |    12 |    0 |     0 |    0 |     0 |    0 |     0 |    0 |     0 |    0 |     0 |    0 |     5 |    0 |     0 |    0 |     0 |    0 |     0 |    0 | 12000 |    0 |  2200 |    0 |    40 |    0 |    20 |    0 |    40 |
| X0Y1              |    2 |    12 |    0 |     4 |    0 |     2 |    0 |     4 |    0 |     1 |    0 |     1 |    0 |     0 |    0 |     0 |    0 |    50 |    0 |    50 |  264 | 16000 |  384 |  2400 |    0 |    20 |    0 |    10 |    0 |    20 |
| X1Y1              |    0 |    12 |    0 |     4 |    0 |     2 |    0 |     4 |    0 |     1 |    0 |     1 |    0 |     0 |    0 |     0 |    0 |    50 |    0 |    50 |    0 | 15200 |    0 |  2600 |    0 |    60 |    0 |    30 |    0 |    40 |
| X0Y2              |    1 |    12 |    0 |     4 |    0 |     2 |    0 |     4 |    0 |     1 |    0 |     1 |    0 |     0 |    0 |     0 |    0 |    50 |    0 |    50 |   79 | 16000 |    0 |  2400 |    0 |    20 |    0 |    10 |    0 |    20 |
| X1Y2              |    0 |    12 |    0 |     4 |    0 |     2 |    0 |     4 |    0 |     1 |    0 |     1 |    0 |     0 |    0 |     0 |    0 |    50 |    0 |    50 |    0 | 15200 |    0 |  2600 |    0 |    60 |    0 |    30 |    0 |    40 |
| X0Y3              |    0 |    12 |    0 |     4 |    0 |     2 |    0 |     4 |    0 |     1 |    0 |     1 |    0 |     0 |    0 |     0 |    0 |    50 |    0 |    50 |    0 | 20800 |    0 |  2400 |    0 |    20 |    0 |    10 |    0 |    20 |
| X1Y3              |    0 |    12 |    0 |     0 |    0 |     0 |    0 |     0 |    0 |     0 |    0 |     0 |    0 |     5 |    0 |     1 |    0 |     0 |    0 |     0 |    0 | 10800 |    0 |  2000 |    0 |    30 |    0 |    15 |    0 |    40 |
+-------------------+------+-------+------+-------+------+-------+------+-------+------+-------+------+-------+------+-------+------+-------+------+-------+------+-------+------+-------+------+-------+------+-------+------+-------+------+-------+
* RAMB36 site can be used as two RAMB18/FIFO18 sites.


8. Net wise resources used in clock region X0Y1
-----------------------------------------------

+-------------+--------------+-------+-----------+----------+---------+-----------+---------+---------+-----+-------+----------+----------------+
| Source Type | BUFHCE Site  | Fixed | MMCM Pins | PLL Pins | GT Pins | BRAM Pins | ILOGICs | OLOGICs | FFs | LUTMs | DSP48E1s | Clock Net Name |
+-------------+--------------+-------+-----------+----------+---------+-----------+---------+---------+-----+-------+----------+----------------+
| BUFG        | BUFHCE_X0Y20 |   no  |         0 |        0 |       0 |         0 |       0 |       0 |  42 |     0 |        0 | clk_BUFG       |
| BUFG        | BUFHCE_X0Y21 |   no  |         0 |        0 |       0 |         0 |       0 |       0 | 214 |   384 |        0 | CLK100MHZ_BUFG |
+-------------+--------------+-------+-----------+----------+---------+-----------+---------+---------+-----+-------+----------+----------------+


9. Net wise resources used in clock region X0Y2
-----------------------------------------------

+-------------+--------------+-------+-----------+----------+---------+-----------+---------+---------+-----+-------+----------+----------------+
| Source Type | BUFHCE Site  | Fixed | MMCM Pins | PLL Pins | GT Pins | BRAM Pins | ILOGICs | OLOGICs | FFs | LUTMs | DSP48E1s | Clock Net Name |
+-------------+--------------+-------+-----------+----------+---------+-----------+---------+---------+-----+-------+----------+----------------+
| BUFG        | BUFHCE_X0Y32 |   no  |         0 |        0 |       0 |         0 |       0 |       0 |  79 |     0 |        0 | CLK100MHZ_BUFG |
+-------------+--------------+-------+-----------+----------+---------+-----------+---------+---------+-----+-------+----------+----------------+



# Location of BUFG Primitives 
set_property LOC BUFGCTRL_X0Y16 [get_cells CLK100MHZ_BUFG_inst]
set_property LOC BUFGCTRL_X0Y0 [get_cells clk_BUFG_inst]

# Location of IO Clock Primitives

# Location of MMCM Clock Primitives

# Location of BUFH Clock Primitives

# Location of BUFR Clock Primitives

# Location of BUFMR Clock Primitives

# Location of PLL Clock Primitives

# Location of IO Primitives which is load of clock spine

# Location of clock ports
set_property LOC IOB_X1Y126 [get_ports CLK100MHZ]

# Clock net "CLK100MHZ_BUFG" driven by instance "CLK100MHZ_BUFG_inst" located at site "BUFGCTRL_X0Y16"
#startgroup
create_pblock {CLKAG_CLK100MHZ_BUFG}
add_cells_to_pblock [get_pblocks  {CLKAG_CLK100MHZ_BUFG}] [get_cells -filter { PRIMITIVE_GROUP != I/O && IS_PRIMITIVE==1 && PRIMITIVE_LEVEL !=INTERNAL } -of_object [get_pins -filter {DIRECTION==IN} -of_objects [get_nets -hierarchical -filter {PARENT=="CLK100MHZ_BUFG"}]]]
resize_pblock [get_pblocks {CLKAG_CLK100MHZ_BUFG}] -add {CLOCKREGION_X0Y1:CLOCKREGION_X0Y1 CLOCKREGION_X0Y2:CLOCKREGION_X0Y2}
#endgroup

# Clock net "clk_BUFG" driven by instance "clk_BUFG_inst" located at site "BUFGCTRL_X0Y0"
#startgroup
create_pblock {CLKAG_clk_BUFG}
add_cells_to_pblock [get_pblocks  {CLKAG_clk_BUFG}] [get_cells -filter { PRIMITIVE_GROUP != I/O && IS_PRIMITIVE==1 && PRIMITIVE_LEVEL !=INTERNAL } -of_object [get_pins -filter {DIRECTION==IN} -of_objects [get_nets -hierarchical -filter {PARENT=="clk_BUFG"}]]]
resize_pblock [get_pblocks {CLKAG_clk_BUFG}] -add {CLOCKREGION_X0Y1:CLOCKREGION_X0Y1}
#endgroup

# Clock net "clk_tone_inst/CLK" driven by instance "clk_tone_inst/clk_out_reg" located at site "SLICE_X11Y99"
#startgroup
create_pblock {CLKAG_clk_tone_inst/CLK}
add_cells_to_pblock [get_pblocks  {CLKAG_clk_tone_inst/CLK}] [get_cells -filter { PRIMITIVE_GROUP != I/O && IS_PRIMITIVE==1 && PRIMITIVE_LEVEL !=INTERNAL } -of_object [get_pins -filter {DIRECTION==IN} -of_objects [get_nets -hierarchical -filter {PARENT=="clk_tone_inst/CLK"}]]]
resize_pblock [get_pblocks {CLKAG_clk_tone_inst/CLK}] -add {CLOCKREGION_X0Y1:CLOCKREGION_X0Y1}
#endgroup
